mktextfm Consolas
mktextfm Consolas
mktextfm Consolas
mktextfm Consolas/BI
mktextfm Consolas
mktextfm Consolas/B
mktextfm Consolas
mktextfm Consolas/I
mktextfm Consolas
mktextfm Consolas
mktextfm Consolas
mktextfm Consolas
mktextfm Consolas
mktextfm Consolas
mktextfm Consolas
mktextfm Consolas
mktextfm Consolas
mktextfm Consolas
mktextfm Consolas
mktextfm STXingkai/OT
mktextfm STXingkai/OT
mktextfm STXingkai/OT
mktextfm STXingkai/I/OT
mktextfm STXingkai/OT
mktextfm STXingkai/BI/OT
mktextfm STXingkai/OT
mktextfm STXingkai/I/OT
mktextfm STXingkai/OT
mktextfm STXingkai/OT
mktextfm STXingkai/OT
mktextfm STXingkai/OT
mktextfm STXingkai/OT
mktextfm Consolas
mktextfm Consolas
mktextfm Consolas
mktextfm Consolas
mktextfm Consolas
mktextfm Consolas/BI
mktextfm Consolas
mktextfm Consolas/B
mktextfm Consolas
mktextfm Consolas/I
mktextfm Consolas
mktextfm Consolas
mktextfm Consolas
mktextfm Consolas
mktextfm Consolas
mktextfm Consolas
mktextfm Consolas
mktextfm Consolas
mktextfm Consolas
mktextfm Consolas
mktextfm Consolas
mktextfm STXingkai/OT
mktextfm STXingkai/OT
mktextfm STXingkai/OT
mktextfm STXingkai/I/OT
mktextfm STXingkai/OT
mktextfm STXingkai/BI/OT
mktextfm STXingkai/OT
mktextfm STXingkai/I/OT
mktextfm STXingkai/OT
mktextfm STXingkai/OT
mktextfm STXingkai/OT
mktextfm STXingkai/OT
mktextfm STXingkai/OT
mktextfm Consolas
mktextfm Consolas
mktextfm Consolas
mktextfm Consolas
mktextfm Consolas
mktextfm Consolas/BI
mktextfm Consolas
mktextfm Consolas/B
mktextfm Consolas
mktextfm Consolas/I
mktextfm Consolas
mktextfm Consolas
mktextfm Consolas
mktextfm Consolas
mktextfm Consolas
mktextfm Consolas
mktextfm Consolas
mktextfm Consolas
mktextfm Consolas
mktextfm Consolas
mktextfm Consolas
mktextfm STXingkai/OT
mktextfm STXingkai/OT
mktextfm STXingkai/OT
mktextfm STXingkai/I/OT
mktextfm STXingkai/OT
mktextfm STXingkai/BI/OT
mktextfm STXingkai/OT
mktextfm STXingkai/I/OT
mktextfm STXingkai/OT
mktextfm STXingkai/OT
mktextfm STXingkai/OT
mktextfm STXingkai/OT
mktextfm STXingkai/OT
mktextfm Consolas
mktextfm Consolas
mktextfm Consolas
mktextfm Consolas
mktextfm Consolas
mktextfm Consolas/BI
mktextfm Consolas
mktextfm Consolas/B
mktextfm Consolas
mktextfm Consolas/I
mktextfm Consolas
mktextfm Consolas
mktextfm Consolas
mktextfm Consolas
mktextfm Consolas
mktextfm Consolas
mktextfm Consolas
mktextfm Consolas
mktextfm Consolas
mktextfm Consolas
mktextfm Consolas
mktextfm STXingkai/OT
mktextfm STXingkai/OT
mktextfm STXingkai/OT
mktextfm STXingkai/I/OT
mktextfm STXingkai/OT
mktextfm STXingkai/BI/OT
mktextfm STXingkai/OT
mktextfm STXingkai/I/OT
mktextfm STXingkai/OT
mktextfm STXingkai/OT
mktextfm STXingkai/OT
mktextfm STXingkai/OT
mktextfm STXingkai/OT
mktextfm Consolas
mktextfm Consolas
mktextfm Consolas
mktextfm Consolas
mktextfm Consolas
mktextfm Consolas/BI
mktextfm Consolas
mktextfm Consolas/B
mktextfm Consolas
mktextfm Consolas/I
mktextfm Consolas
mktextfm Consolas
mktextfm Consolas
mktextfm Consolas
mktextfm Consolas
mktextfm Consolas
mktextfm Consolas
mktextfm Consolas
mktextfm Consolas
mktextfm Consolas
mktextfm Consolas
mktextfm STXingkai/OT
mktextfm STXingkai/OT
mktextfm STXingkai/OT
mktextfm STXingkai/I/OT
mktextfm STXingkai/OT
mktextfm STXingkai/BI/OT
mktextfm STXingkai/OT
mktextfm STXingkai/I/OT
mktextfm STXingkai/OT
mktextfm STXingkai/OT
mktextfm STXingkai/OT
mktextfm STXingkai/OT
mktextfm STXingkai/OT
mktextfm Consolas
mktextfm Consolas
mktextfm Consolas
mktextfm Consolas
mktextfm Consolas
mktextfm Consolas/BI
mktextfm Consolas
mktextfm Consolas/B
mktextfm Consolas
mktextfm Consolas/I
mktextfm Consolas
mktextfm Consolas
mktextfm Consolas
mktextfm Consolas
mktextfm Consolas
mktextfm Consolas
mktextfm Consolas
mktextfm Consolas
mktextfm Consolas
mktextfm Consolas
mktextfm Consolas
mktextfm STXingkai/OT
mktextfm STXingkai/OT
mktextfm STXingkai/OT
mktextfm STXingkai/I/OT
mktextfm STXingkai/OT
mktextfm STXingkai/BI/OT
mktextfm STXingkai/OT
mktextfm STXingkai/I/OT
mktextfm STXingkai/OT
mktextfm STXingkai/OT
mktextfm STXingkai/OT
mktextfm STXingkai/OT
mktextfm STXingkai/OT
mktextfm Consolas
mktextfm Consolas
